{
  "stats": {
    "suites": 1,
    "tests": 3,
    "passes": 3,
    "pending": 0,
    "failures": 0,
    "start": "2019-05-13T13:54:04.165Z",
    "end": "2019-05-13T13:54:11.579Z",
    "duration": 7414,
    "testsRegistered": 3,
    "passPercent": 100,
    "pendingPercent": 0,
    "other": 0,
    "hasOther": false,
    "skipped": 0,
    "hasSkipped": false,
    "passPercentClass": "success",
    "pendingPercentClass": "danger"
  },
  "suites": {
    "uuid": "435ad2d3-0214-42a9-b27e-f536c80171e1",
    "title": "",
    "fullFile": "",
    "file": "",
    "beforeHooks": [],
    "afterHooks": [],
    "tests": [],
    "suites": [
      {
        "uuid": "1a90eeab-baff-4118-ac87-7b3b6edaae0c",
        "title": "BDD Testcase for Clinic",
        "fullFile": "/home/abc/mochatest/test/clinicTest.js",
        "file": "/clinicTest.js",
        "beforeHooks": [],
        "afterHooks": [],
        "tests": [
          {
            "title": "Check File empty or not",
            "fullTitle": "BDD Testcase for Clinic Check File empty or not",
            "timedOut": false,
            "duration": 1,
            "state": "passed",
            "speed": "fast",
            "pass": true,
            "fail": false,
            "pending": false,
            "code": "assert.isTrue(isNaN(data));",
            "err": {},
            "isRoot": false,
            "uuid": "75f25c3a-1744-4f13-8315-d7b2df32e299",
            "isHook": false,
            "skipped": false
          },
          {
            "title": "Name should be string only",
            "fullTitle": "BDD Testcase for Clinic Name should be string only",
            "timedOut": false,
            "duration": 0,
            "state": "passed",
            "speed": "fast",
            "pass": true,
            "fail": false,
            "pending": false,
            "code": "for (let i = 0; i < resJ.Doctors.length; i++) {\n            var arr = resJ.Doctors[i].Name;\n            assert.typeOf(arr, 'String');\n        }",
            "err": {},
            "isRoot": false,
            "uuid": "fdf86f14-adcd-48b8-9419-8e10dece913d",
            "isHook": false,
            "skipped": false
          },
          {
            "title": "ID value should be number only",
            "fullTitle": "BDD Testcase for Clinic ID value should be number only",
            "timedOut": false,
            "duration": 0,
            "state": "passed",
            "speed": "fast",
            "pass": true,
            "fail": false,
            "pending": false,
            "code": "for (let i = 0; i < resJ.Doctors.length; i++) {\n            var arr = resJ.Doctors[i].ID;\n            assert.typeOf(arr, 'number');\n        }",
            "err": {},
            "isRoot": false,
            "uuid": "3c180d86-bc0c-454e-8576-2d5fd8328b2b",
            "isHook": false,
            "skipped": false
          }
        ],
        "suites": [],
        "passes": [
          "75f25c3a-1744-4f13-8315-d7b2df32e299",
          "fdf86f14-adcd-48b8-9419-8e10dece913d",
          "3c180d86-bc0c-454e-8576-2d5fd8328b2b"
        ],
        "failures": [],
        "pending": [],
        "skipped": [],
        "duration": 1,
        "root": false,
        "rootEmpty": false,
        "_timeout": 2000
      }
    ],
    "passes": [],
    "failures": [],
    "pending": [],
    "skipped": [],
    "duration": 0,
    "root": true,
    "rootEmpty": true,
    "_timeout": 2000
  },
  "copyrightYear": 2019
}